============================================================
  Generated by:           Genus(TM) Synthesis Solution 20.11-s111_1
  Generated on:           Apr 16 2026  12:29:50 pm
  Module:                 barrel_shifter_4bit
  Operating conditions:   slow (balanced_tree)
  Wireload mode:          enclosed
  Area mode:              timing library
============================================================

                              
   Gate    Instances   Area   Library 
--------------------------------------
SDFFRHQX1          7  174.844    slow 
SDFFRHQX2          1   25.735    slow 
--------------------------------------
total              8  200.578         


                                        
     Type      Instances   Area  Area % 
----------------------------------------
sequential             8 200.578  100.0 
physical_cells         0   0.000    0.0 
----------------------------------------
total                  8 200.578  100.0 

