============================================================
  Generated by:           Genus(TM) Synthesis Solution 20.11-s111_1
  Generated on:           Apr 16 2026  12:29:50 pm
  Module:                 barrel_shifter_4bit
  Operating conditions:   slow (balanced_tree)
  Wireload mode:          enclosed
  Area mode:              timing library
============================================================

                              
   Gate    Instances   Area   Library 
--------------------------------------
MX2XL              8   60.552    slow 
SDFFRHQX1          8  199.822    slow 
--------------------------------------
total             16  260.374         


                                        
     Type      Instances   Area  Area % 
----------------------------------------
sequential             8 199.822   76.7 
logic                  8  60.552   23.3 
physical_cells         0   0.000    0.0 
----------------------------------------
total                 16 260.374  100.0 

