============================================================
  Generated by:           Genus(TM) Synthesis Solution 20.11-s111_1
  Generated on:           Apr 16 2026  12:29:50 pm
  Module:                 barrel_shifter_4bit
  Operating conditions:   slow (balanced_tree)
  Wireload mode:          enclosed
  Area mode:              timing library
============================================================


Path 1: MET (18917 ps) Setup Check with Pin data_out_reg[1]/CK->SI
          Group: clk
     Startpoint: (R) stage1_reg[3]/CK
          Clock: (R) clk
       Endpoint: (R) data_out_reg[1]/SI
          Clock: (R) clk

                     Capture       Launch     
        Clock Edge:+   20000            0     
       Src Latency:+       0            0     
       Net Latency:+       0 (I)        0 (I) 
           Arrival:=   20000            0     
                                              
             Setup:-     198                  
       Uncertainty:-     500                  
     Required Time:=   19302                  
      Launch Clock:-       0                  
         Data Path:-     384                  
             Slack:=   18917                  

#-------------------------------------------------------------------------------------------
#   Timing Point     Flags   Arc   Edge   Cell     Fanout Load Trans Delay Arrival Instance 
#                                                         (fF)  (ps)  (ps)   (ps)  Location 
#-------------------------------------------------------------------------------------------
  stage1_reg[3]/CK   -       -     R     (arrival)      8    -   200     0       0    (-,-) 
  stage1_reg[3]/Q    -       CK->Q R     SDFFRHQX1      2  5.6    82   384     384    (-,-) 
  data_out_reg[1]/SI <<<     -     R     SDFFRHQX1      2    -     -     0     384    (-,-) 
#-------------------------------------------------------------------------------------------

